{"id":"127.0.1.1.tm169027545991700002","wasCommitted":true,"participants":[{"uri":"127.0.1.1.tm1","state":"COMMITTING","expires":1690275469907,"resourceName":"slaveDataSource"}]}
{"id":"127.0.1.1.tm169027545991700002","wasCommitted":true,"participants":[{"uri":"127.0.1.1.tm1","state":"TERMINATED","expires":1690275469940,"resourceName":"slaveDataSource"}]}
{"id":"127.0.1.1.tm169027546006100003","wasCommitted":true,"participants":[{"uri":"127.0.1.1.tm2","state":"COMMITTING","expires":1690275470044,"resourceName":"slaveDataSource"}]}
{"id":"127.0.1.1.tm169027546006100003","wasCommitted":true,"participants":[{"uri":"127.0.1.1.tm2","state":"TERMINATED","expires":1690275470072,"resourceName":"slaveDataSource"}]}
{"id":"127.0.1.1.tm169027546017300004","wasCommitted":true,"participants":[{"uri":"127.0.1.1.tm3","state":"COMMITTING","expires":1690275470156,"resourceName":"slaveDataSource"}]}
{"id":"127.0.1.1.tm169027546017300004","wasCommitted":true,"participants":[{"uri":"127.0.1.1.tm3","state":"TERMINATED","expires":1690275470184,"resourceName":"slaveDataSource"}]}
{"id":"127.0.1.1.tm169027546028500005","wasCommitted":true,"participants":[{"uri":"127.0.1.1.tm4","state":"COMMITTING","expires":1690275470266,"resourceName":"slaveDataSource"}]}
{"id":"127.0.1.1.tm169027546028500005","wasCommitted":true,"participants":[{"uri":"127.0.1.1.tm4","state":"TERMINATED","expires":1690275470302,"resourceName":"slaveDataSource"}]}
{"id":"127.0.1.1.tm169027546040200006","wasCommitted":true,"participants":[{"uri":"127.0.1.1.tm5","state":"COMMITTING","expires":1690275470383,"resourceName":"slaveDataSource"}]}
{"id":"127.0.1.1.tm169027546040200006","wasCommitted":true,"participants":[{"uri":"127.0.1.1.tm5","state":"TERMINATED","expires":1690275470413,"resourceName":"slaveDataSource"}]}
{"id":"127.0.1.1.tm169027546051400007","wasCommitted":true,"participants":[{"uri":"127.0.1.1.tm6","state":"COMMITTING","expires":1690275470497,"resourceName":"slaveDataSource"}]}
{"id":"127.0.1.1.tm169027546051400007","wasCommitted":true,"participants":[{"uri":"127.0.1.1.tm6","state":"TERMINATED","expires":1690275470529,"resourceName":"slaveDataSource"}]}
{"id":"127.0.1.1.tm169027546063000008","wasCommitted":true,"participants":[{"uri":"127.0.1.1.tm7","state":"COMMITTING","expires":1690275470613,"resourceName":"slaveDataSource"}]}
{"id":"127.0.1.1.tm169027546063000008","wasCommitted":true,"participants":[{"uri":"127.0.1.1.tm7","state":"TERMINATED","expires":1690275470656,"resourceName":"slaveDataSource"}]}
{"id":"127.0.1.1.tm169027546075700009","wasCommitted":true,"participants":[{"uri":"127.0.1.1.tm8","state":"COMMITTING","expires":1690275470739,"resourceName":"slaveDataSource"}]}
{"id":"127.0.1.1.tm169027546075700009","wasCommitted":true,"participants":[{"uri":"127.0.1.1.tm8","state":"TERMINATED","expires":1690275470767,"resourceName":"slaveDataSource"}]}
{"id":"127.0.1.1.tm169027546086800010","wasCommitted":true,"participants":[{"uri":"127.0.1.1.tm9","state":"COMMITTING","expires":1690275470849,"resourceName":"slaveDataSource"}]}
{"id":"127.0.1.1.tm169027546086800010","wasCommitted":true,"participants":[{"uri":"127.0.1.1.tm9","state":"TERMINATED","expires":1690275470880,"resourceName":"slaveDataSource"}]}
{"id":"127.0.1.1.tm169027546098000011","wasCommitted":true,"participants":[{"uri":"127.0.1.1.tm10","state":"COMMITTING","expires":1690275470961,"resourceName":"slaveDataSource"}]}
{"id":"127.0.1.1.tm169027546098000011","wasCommitted":true,"participants":[{"uri":"127.0.1.1.tm10","state":"TERMINATED","expires":1690275470988,"resourceName":"slaveDataSource"}]}
{"id":"127.0.1.1.tm169027546109000012","wasCommitted":true,"participants":[{"uri":"127.0.1.1.tm11","state":"COMMITTING","expires":1690275471036,"resourceName":"masterDataSource"}]}
{"id":"127.0.1.1.tm169027546109000012","wasCommitted":true,"participants":[{"uri":"127.0.1.1.tm11","state":"TERMINATED","expires":1690275471052,"resourceName":"masterDataSource"}]}
{"id":"127.0.1.1.tm169027546115200013","wasCommitted":true,"participants":[{"uri":"127.0.1.1.tm12","state":"COMMITTING","expires":1690275471098,"resourceName":"masterDataSource"}]}
{"id":"127.0.1.1.tm169027546115200013","wasCommitted":true,"participants":[{"uri":"127.0.1.1.tm12","state":"TERMINATED","expires":1690275471114,"resourceName":"masterDataSource"}]}
{"id":"127.0.1.1.tm169027546121400014","wasCommitted":true,"participants":[{"uri":"127.0.1.1.tm13","state":"COMMITTING","expires":1690275471162,"resourceName":"masterDataSource"}]}
{"id":"127.0.1.1.tm169027546121400014","wasCommitted":true,"participants":[{"uri":"127.0.1.1.tm13","state":"TERMINATED","expires":1690275471177,"resourceName":"masterDataSource"}]}
{"id":"127.0.1.1.tm169027546127800015","wasCommitted":true,"participants":[{"uri":"127.0.1.1.tm14","state":"COMMITTING","expires":1690275471224,"resourceName":"masterDataSource"}]}
{"id":"127.0.1.1.tm169027546127800015","wasCommitted":true,"participants":[{"uri":"127.0.1.1.tm14","state":"TERMINATED","expires":1690275471244,"resourceName":"masterDataSource"}]}
{"id":"127.0.1.1.tm169027546134500016","wasCommitted":true,"participants":[{"uri":"127.0.1.1.tm15","state":"COMMITTING","expires":1690275471293,"resourceName":"masterDataSource"}]}
{"id":"127.0.1.1.tm169027546134500016","wasCommitted":true,"participants":[{"uri":"127.0.1.1.tm15","state":"TERMINATED","expires":1690275471309,"resourceName":"masterDataSource"}]}
{"id":"127.0.1.1.tm169027546141000017","wasCommitted":true,"participants":[{"uri":"127.0.1.1.tm16","state":"COMMITTING","expires":1690275471357,"resourceName":"masterDataSource"}]}
{"id":"127.0.1.1.tm169027546141000017","wasCommitted":true,"participants":[{"uri":"127.0.1.1.tm16","state":"TERMINATED","expires":1690275471374,"resourceName":"masterDataSource"}]}
{"id":"127.0.1.1.tm169027546147500018","wasCommitted":true,"participants":[{"uri":"127.0.1.1.tm17","state":"COMMITTING","expires":1690275471421,"resourceName":"masterDataSource"}]}
{"id":"127.0.1.1.tm169027546147500018","wasCommitted":true,"participants":[{"uri":"127.0.1.1.tm17","state":"TERMINATED","expires":1690275471435,"resourceName":"masterDataSource"}]}
{"id":"127.0.1.1.tm169027546153600019","wasCommitted":true,"participants":[{"uri":"127.0.1.1.tm18","state":"COMMITTING","expires":1690275471483,"resourceName":"masterDataSource"}]}
{"id":"127.0.1.1.tm169027546153600019","wasCommitted":true,"participants":[{"uri":"127.0.1.1.tm18","state":"TERMINATED","expires":1690275471498,"resourceName":"masterDataSource"}]}
{"id":"127.0.1.1.tm169027546159900020","wasCommitted":true,"participants":[{"uri":"127.0.1.1.tm19","state":"COMMITTING","expires":1690275471545,"resourceName":"masterDataSource"}]}
{"id":"127.0.1.1.tm169027546159900020","wasCommitted":true,"participants":[{"uri":"127.0.1.1.tm19","state":"TERMINATED","expires":1690275471561,"resourceName":"masterDataSource"}]}
{"id":"127.0.1.1.tm169027546166200021","wasCommitted":true,"participants":[{"uri":"127.0.1.1.tm20","state":"COMMITTING","expires":1690275471607,"resourceName":"masterDataSource"}]}
{"id":"127.0.1.1.tm169027546166200021","wasCommitted":true,"participants":[{"uri":"127.0.1.1.tm20","state":"TERMINATED","expires":1690275471624,"resourceName":"masterDataSource"}]}
{"id":"127.0.1.1.tm169027545986000001","wasCommitted":true,"participants":[{"uri":"127.0.1.1.tm21","state":"COMMITTING","expires":1690275472069,"resourceName":"masterDataSource"},{"uri":"127.0.1.1.tm22","state":"COMMITTING","expires":1690275472069,"resourceName":"slaveDataSource"}]}
{"id":"127.0.1.1.tm169027545986000001","wasCommitted":true,"participants":[{"uri":"127.0.1.1.tm21","state":"TERMINATED","expires":1690275472111,"resourceName":"masterDataSource"},{"uri":"127.0.1.1.tm22","state":"TERMINATED","expires":1690275472111,"resourceName":"slaveDataSource"}]}
